<?xml version="1.0" encoding="UTF-8"?>
<!-- Generated by org.testng.reporters.JUnitReportReporter -->
<testsuite skipped="0" hostname="ATMECSINLT-085" name="com.atmecs.validate_ninja_store.testscripts.TestVerifyNinjaStore" tests="1" failures="0" timestamp="11 Nov 2019 15:19:54 GMT" time="40.138" errors="0">
  <testcase name="verifyNinjaStore" time="40.138" classname="com.atmecs.validate_ninja_store.testscripts.TestVerifyNinjaStore"/>
</testsuite> <!-- com.atmecs.validate_ninja_store.testscripts.TestVerifyNinjaStore -->
